<?xml version="1.0" encoding="UTF-8"?>
<!-- Generated by org.testng.reporters.JUnitReportReporter -->
<testsuite hostname="DESKTOP-1U930D3" failures="0" tests="1" name="practice.Parameters" time="12.255" errors="0" timestamp="2023-04-20T18:47:11 IST" skipped="0">
  <testcase classname="practice.Parameters" name="m1" time="12.255"/>
  <system-out/>
</testsuite> <!-- practice.Parameters -->
